Arguments: 
  /usr/local/bin/node /Users/alex/.node/corepack/yarn/1.22.15/bin/yarn.js install

PATH: 
  /Users/alex/.asdf/shims:/opt/homebrew/opt/asdf/libexec/bin:/opt/homebrew/bin:/opt/homebrew/sbin:/usr/local/bin:/System/Cryptexes/App/usr/bin:/usr/bin:/bin:/usr/sbin:/sbin:/Library/Apple/usr/bin:/Users/alex/Library/Application Support/JetBrains/Toolbox/scripts

Yarn version: 
  1.22.15

Node version: 
  16.14.2

Platform: 
  darwin arm64

Trace: 
  Error: getaddrinfo ENOTFOUND registry.yarnpkg.com
      at GetAddrInfoReqWrap.onlookup [as oncomplete] (node:dns:71:26)

npm manifest: 
  {
    "name": "metrics.skorulis.com",
    "version": "0.1.0",
    "private": true,
    "dependencies": {
      "@testing-library/jest-dom": "^5.14.1",
      "@testing-library/react": "^13.0.0",
      "@testing-library/user-event": "^13.2.1",
      "@types/jest": "^27.0.1",
      "@types/node": "^16.7.13",
      "@types/react": "^18.0.0",
      "@types/react-dom": "^18.0.0",
      "react": "^18.2.0",
      "react-dom": "^18.2.0",
      "react-router-dom": "^6.4.1",
      "react-scripts": "5.0.1",
      "typescript": "^4.4.2",
      "web-vitals": "^2.1.0"
    },
    "scripts": {
      "predeploy": "npm run build",
      "deploy": "gh-pages -d build",
      "start": "react-scripts start",
      "build": "react-scripts build",
      "test": "react-scripts test",
      "eject": "react-scripts eject"
    },
    "eslintConfig": {
      "extends": [
        "react-app",
        "react-app/jest"
      ]
    },
    "browserslist": {
      "production": [
        ">0.2%",
        "not dead",
        "not op_mini all"
      ],
      "development": [
        "last 1 chrome version",
        "last 1 firefox version",
        "last 1 safari version"
      ]
    },
    "devDependencies": {
      "gh-pages": "^4.0.0"
    }
  }

yarn manifest: 
  No manifest

Lockfile: 
  No lockfile
